\BOOKMARK [1][-]{section*.1}{\376\377\000R\000e\000m\000e\000r\000c\000i\000e\000m\000e\000n\000t\000s}{}% 1
\BOOKMARK [1][-]{section*.3}{\376\377\000T\000a\000b\000l\000e\000\040\000d\000e\000s\000\040\000m\000a\000t\000i\000\350\000r\000e\000s}{}% 2
\BOOKMARK [0][-]{section*.5}{\376\377\000L\000i\000s\000t\000e\000\040\000d\000e\000s\000\040\000a\000c\000r\000o\000n\000y\000m\000e\000s}{}% 3
\BOOKMARK [0][-]{section*.9}{\376\377\000L\000i\000s\000t\000e\000\040\000d\000e\000s\000\040\000s\000y\000m\000b\000o\000l\000e\000s}{}% 4
\BOOKMARK [0][-]{section*.15}{\376\377\000I\000n\000t\000r\000o\000d\000u\000c\000t\000i\000o\000n\000\040\000g\000\351\000n\000\351\000r\000a\000l\000e}{}% 5
\BOOKMARK [0][-]{chapter.1}{\376\377\000L\000a\000\040\000r\000\351\000c\000u\000p\000\351\000r\000a\000t\000i\000o\000n\000\040\000d\000'\000\351\000n\000e\000r\000g\000i\000e\000\040\000s\000u\000r\000\040\000l\000e\000\040\000c\000o\000r\000p\000s\000\040\000h\000u\000m\000a\000i\000n}{}% 6
\BOOKMARK [1][-]{section.1.1}{\376\377\000L\000e\000\040\000b\000e\000s\000o\000i\000n\000\040\000\351\000n\000e\000r\000g\000\351\000t\000i\000q\000u\000e\000\040\000s\000u\000r\000\040\000l\000e\000\040\000c\000o\000r\000p\000s\000\040\000h\000u\000m\000a\000i\000n}{chapter.1}% 7
\BOOKMARK [1][-]{section.1.2}{\376\377\000M\000\351\000c\000a\000n\000i\000q\000u\000e\000\040\000e\000t\000\040\000m\000a\000t\000\351\000r\000i\000a\000u\000x\000\040\000p\000o\000u\000r\000\040\000l\000e\000s\000\040\000a\000p\000p\000l\000i\000c\000a\000t\000i\000o\000n\000s\000\040\000b\000i\000o\000-\000i\000n\000t\000\351\000g\000r\000\351\000e\000s}{chapter.1}% 8
\BOOKMARK [2][-]{subsection.1.2.1}{\376\377\000S\000t\000r\000a\000t\000\351\000g\000i\000e\000\040\000d\000'\000o\000p\000t\000i\000m\000i\000s\000a\000t\000i\000o\000n\000\040\000m\000a\000t\000\351\000r\000i\000a\000u}{section.1.2}% 9
\BOOKMARK [2][-]{subsection.1.2.2}{\376\377\000S\000t\000r\000a\000t\000\351\000g\000i\000e\000\040\000d\000'\000o\000p\000t\000i\000m\000i\000s\000a\000t\000i\000o\000n\000\040\000t\000o\000p\000o\000l\000o\000g\000i\000q\000u\000e\000\040\000e\000t\000\040\000s\000t\000r\000u\000c\000t\000u\000r\000e\000l\000l\000e}{section.1.2}% 10
\BOOKMARK [2][-]{subsection.1.2.3}{\376\377\000S\000t\000r\000a\000t\000\351\000g\000i\000e\000\040\000d\000'\000o\000p\000t\000i\000m\000i\000s\000a\000t\000i\000o\000n\000\040\000s\000y\000s\000t\000\350\000m\000e}{section.1.2}% 11
\BOOKMARK [1][-]{section.1.3}{\376\377\000G\000e\000s\000t\000i\000o\000n\000\040\000d\000e\000\040\000p\000u\000i\000s\000s\000a\000n\000c\000e\000\040\000e\000t\000\040\000e\000f\000f\000i\000c\000a\000c\000i\000t\000\351\000\040\000\351\000n\000e\000r\000g\000\351\000t\000i\000q\000u\000e}{chapter.1}% 12
\BOOKMARK [2][-]{subsection.1.3.1}{\376\377\000A\000r\000c\000h\000i\000t\000e\000c\000t\000u\000r\000e\000\040\000d\000e\000s\000\040\000a\000p\000p\000a\000r\000e\000i\000l\000s\000\040\000n\000o\000m\000a\000d\000e\000s}{section.1.3}% 13
\BOOKMARK [2][-]{subsection.1.3.2}{\376\377\000G\000e\000s\000t\000i\000o\000n\000\040\000d\000e\000\040\000p\000u\000i\000s\000s\000a\000n\000c\000e}{section.1.3}% 14
\BOOKMARK [2][-]{subsection.1.3.3}{\376\377\000L\000a\000\040\000r\000\351\000c\000u\000p\000\351\000r\000a\000t\000i\000o\000n\000\040\000d\000'\000\351\000n\000e\000r\000g\000i\000e\000\040\000s\000u\000r\000\040\000l\000e\000\040\000c\000o\000r\000p\000s\000\040\000h\000u\000m\000a\000i\000n}{section.1.3}% 15
\BOOKMARK [2][-]{subsection.1.3.4}{\376\377\000S\000o\000l\000u\000t\000i\000o\000n\000s\000\040\000t\000e\000c\000h\000n\000o\000l\000o\000g\000i\000q\000u\000e\000s\000\040\000p\000o\000u\000r\000\040\000l\000'\000a\000m\000\351\000l\000i\000o\000r\000a\000t\000i\000o\000n\000\040\000d\000e\000s\000\040\000r\000\351\000c\000u\000p\000\351\000r\000a\000t\000e\000u\000r\000s\000\040\000\351\000l\000e\000c\000t\000r\000o\000m\000\351\000c\000a\000n\000i\000q\000u\000e\000s}{section.1.3}% 16
\BOOKMARK [2][-]{subsection.1.3.5}{\376\377\000S\000y\000n\000t\000h\000\350\000s\000e\000\040\000s\000u\000r\000\040\000l\000a\000\040\000r\000\351\000c\000u\000p\000\351\000r\000a\000t\000i\000o\000n\000\040\000d\000'\000\351\000n\000e\000r\000g\000i\000e\000\040\000s\000u\000r\000\040\000l\000e\000\040\000c\000o\000r\000p\000s\000\040\000h\000u\000m\000a\000i\000n}{section.1.3}% 17
\BOOKMARK [1][-]{section.1.4}{\376\377\000C\000a\000s\000\040\000p\000a\000r\000t\000i\000c\000u\000l\000i\000e\000r\000\040\000d\000e\000\040\000l\000a\000\040\000r\000\351\000c\000u\000p\000\351\000r\000a\000t\000i\000o\000n\000\040\000d\040\031\000\351\000n\000e\000r\000g\000i\000e\000\040\000d\000a\000n\000s\000\040\000l\000e\000\040\000c\000o\000n\000d\000u\000i\000t\000\040\000a\000u\000d\000i\000t\000i\000f}{chapter.1}% 18
\BOOKMARK [2][-]{subsection.1.4.1}{\376\377\000C\000a\000r\000a\000c\000t\000\351\000r\000i\000s\000a\000t\000i\000o\000n\000\040\000d\000u\000\040\000b\000e\000s\000o\000i\000n}{section.1.4}% 19
\BOOKMARK [2][-]{subsection.1.4.2}{\376\377\000C\000a\000r\000a\000c\000t\000\351\000r\000i\000s\000a\000t\000i\000o\000n\000\040\000d\000e\000\040\000l\000a\000\040\000s\000o\000u\000r\000c\000e\000\040\000d\000'\000\351\000n\000e\000r\000g\000i\000e}{section.1.4}% 20
\BOOKMARK [2][-]{subsection.1.4.3}{\376\377\000\311\000t\000a\000t\000\040\000d\000e\000\040\000l\000'\000a\000r\000t\000\040\000s\000u\000r\000\040\000l\000e\000s\000\040\000r\000\351\000c\000u\000p\000\351\000r\000a\000t\000e\000u\000r\000s\000\040\000e\000x\000i\000s\000t\000a\000n\000t\000s}{section.1.4}% 21
\BOOKMARK [2][-]{subsection.1.4.4}{\376\377\000C\000o\000n\000c\000l\000u\000s\000i\000o\000n\000\040\000s\000u\000r\000\040\000l\000a\000\040\000r\000\351\000c\000u\000p\000\351\000r\000a\000t\000i\000o\000n\000\040\000d\000'\000\351\000n\000e\000r\000g\000i\000e\000\040\000d\000a\000n\000s\000\040\000l\000e\000\040\000C\000A}{section.1.4}% 22
\BOOKMARK [1][-]{section.1.5}{\376\377\000P\000r\000\351\000s\000e\000n\000t\000a\000t\000i\000o\000n\000\040\000d\000e\000s\000\040\000t\000r\000a\000v\000a\000u\000x\000\040\000d\000e\000\040\000t\000h\000\350\000s\000e}{chapter.1}% 23
\BOOKMARK [0][-]{chapter.2}{\376\377\000M\000o\000d\000\351\000l\000i\000s\000a\000t\000i\000o\000n\000\040\000e\000t\000\040\000s\000i\000m\000u\000l\000a\000t\000i\000o\000n\000\040\000d\000u\000\040\000s\000y\000s\000t\000\350\000m\000e\000\040\000d\000e\000\040\000r\000\351\000c\000u\000p\000\351\000r\000a\000t\000i\000o\000n\000\040\000d\040\031\000\351\000n\000e\000r\000g\000i\000e\000\040\000i\000n\000t\000r\000a\000-\000a\000u\000r\000i\000c\000u\000l\000a\000i\000r\000e}{}% 24
\BOOKMARK [1][-]{section.2.1}{\376\377\000S\000o\000l\000u\000t\000i\000o\000n\000\040\000p\000r\000o\000p\000o\000s\000\351\000e\000\040\000p\000o\000u\000r\000\040\000m\000a\000x\000i\000m\000i\000s\000e\000r\000\040\000l\000'\000\351\000n\000e\000r\000g\000i\000e\000\040\000r\000\351\000c\000u\000p\000\351\000r\000\351\000e}{chapter.2}% 25
\BOOKMARK [2][-]{subsection.2.1.1}{\376\377\000P\000e\000r\000t\000i\000n\000e\000n\000c\000e\000\040\000d\000e\000\040\000l\000a\000\040\000c\000h\000a\000\356\000n\000e\000\040\000d\000e\000\040\000c\000o\000n\000v\000e\000r\000s\000i\000o\000n\000\040\000d\040\031\000\351\000n\000e\000r\000g\000i\000e\000\040\000e\000n\000v\000i\000s\000a\000g\000\351\000e}{section.2.1}% 26
\BOOKMARK [2][-]{subsection.2.1.2}{\376\377\000P\000r\000\351\000s\000e\000n\000t\000a\000t\000i\000o\000n\000\040\000d\000u\000\040\000s\000y\000s\000t\000\350\000m\000e\000\040\000c\000o\000m\000p\000l\000e\000t}{section.2.1}% 27
\BOOKMARK [1][-]{section.2.2}{\376\377\000C\000y\000c\000l\000a\000g\000e\000\040\000d\000u\000\040\000m\000o\000u\000v\000e\000m\000e\000n\000t\000\040\000d\000e\000\040\000l\000a\000\040\000m\000a\000s\000s\000e\000\040\000d\000y\000n\000a\000m\000i\000q\000u\000e\000\040\000d\000u\000\040\000b\000i\000s\000t\000a\000b\000l\000e\000\040\000:\000\040\000v\000a\000l\000v\000e\000s\000\040\000h\000y\000d\000r\000a\000u\000l\000i\000q\000u\000e\000s}{chapter.2}% 28
\BOOKMARK [2][-]{subsection.2.2.1}{\376\377\000S\000o\000l\000u\000t\000i\000o\000n\000s\000\040\000e\000x\000i\000s\000t\000a\000n\000t\000e\000s\000\040\000p\000o\000u\000r\000\040\000l\000a\000\040\000g\000e\000s\000t\000i\000o\000n\000\040\000d\000i\000r\000e\000c\000t\000i\000o\000n\000n\000e\000l\000l\000e\000\040\000d\000e\000\040\000f\000l\000u\000i\000d\000e\000\040\000e\000n\000\040\000m\000o\000u\000v\000e\000m\000e\000n\000t}{section.2.2}% 29
\BOOKMARK [2][-]{subsection.2.2.2}{\376\377\000S\000o\000l\000u\000t\000i\000o\000n\000\040\000p\000r\000o\000p\000o\000s\000\351\000e\000\040\000p\000o\000u\000r\000\040\000l\000a\000\040\000g\000e\000s\000t\000i\000o\000n\000\040\000d\000i\000r\000e\000c\000t\000i\000o\000n\000n\000e\000l\000l\000e\000\040\000d\000e\000\040\000f\000l\000u\000i\000d\000e\000\040\000e\000n\000\040\000m\000o\000u\000v\000e\000m\000e\000n\000t}{section.2.2}% 30
\BOOKMARK [1][-]{section.2.3}{\376\377\000M\000o\000d\000\351\000l\000i\000s\000a\000t\000i\000o\000n\000\040\000d\000u\000\040\000c\000o\000n\000v\000e\000r\000t\000i\000s\000s\000e\000u\000r\000\040\000\351\000l\000e\000c\000t\000r\000o\000m\000\351\000c\000a\000n\000i\000q\000u\000e}{chapter.2}% 31
\BOOKMARK [2][-]{subsection.2.3.1}{\376\377\000M\000o\000d\000\350\000l\000e\000\040\000O\000B\000\040\000+\000\040\000G\000P\000A}{section.2.3}% 32
\BOOKMARK [2][-]{subsection.2.3.2}{\376\377\000I\000n\000f\000l\000u\000e\000n\000c\000e\000\040\000d\000e\000\040\000l\000'\000a\000c\000t\000i\000o\000n\000n\000e\000m\000e\000n\000t\000\040\000h\000y\000d\000r\000a\000u\000l\000i\000q\000u\000e\000\040\000s\000u\000r\000\040\000l\000e\000\040\000m\000o\000d\000\350\000l\000e\000\040\000O\000B\000\040\000+\000\040\000G\000P\000A}{section.2.3}% 33
\BOOKMARK [1][-]{section.2.4}{\376\377\000M\000o\000d\000\351\000l\000i\000s\000a\000t\000i\000o\000n\000\040\000d\000u\000\040\000c\000i\000r\000c\000u\000i\000t\000\040\000h\000y\000d\000r\000a\000u\000l\000i\000q\000u\000e}{chapter.2}% 34
\BOOKMARK [2][-]{subsection.2.4.1}{\376\377\000E\000x\000p\000r\000e\000s\000s\000i\000o\000n\000\040\000d\000e\000s\000\040\000p\000e\000r\000t\000e\000s\000\040\000d\000e\000\040\000c\000h\000a\000r\000g\000e\000s\000\040\000d\000a\000n\000s\000\040\000u\000n\000e\000\040\000V\000H}{section.2.4}% 35
\BOOKMARK [2][-]{subsection.2.4.2}{\376\377\000M\000i\000s\000e\000\040\000e\000n\000\040\000\351\000q\000u\000a\000t\000i\000o\000n}{section.2.4}% 36
\BOOKMARK [2][-]{subsection.2.4.3}{\376\377\000E\000x\000p\000l\000o\000i\000t\000a\000t\000i\000o\000n\000\040\000d\000u\000\040\000g\000i\000s\000e\000m\000e\000n\000t\000\040\000\351\000n\000e\000r\000g\000\351\000t\000i\000q\000u\000e}{section.2.4}% 37
\BOOKMARK [1][-]{section.2.5}{\376\377\000C\000r\000i\000t\000\350\000r\000e\000s\000\040\000d\000e\000\040\000d\000i\000m\000e\000n\000s\000i\000o\000n\000n\000e\000m\000e\000n\000t\000\040\000p\000r\000\351\000l\000i\000m\000i\000n\000a\000i\000r\000e}{chapter.2}% 38
\BOOKMARK [2][-]{subsection.2.5.1}{\376\377\000\311\000l\000\351\000m\000e\000n\000t\000s\000\040\000t\000e\000c\000h\000n\000o\000l\000o\000g\000i\000q\000u\000e\000s\000\040\000f\000i\000x\000e\000s}{section.2.5}% 39
\BOOKMARK [2][-]{subsection.2.5.2}{\376\377\000C\000o\000n\000t\000r\000a\000i\000n\000t\000e\000\040\000d\000e\000\040\000c\000o\000n\000f\000o\000r\000t}{section.2.5}% 40
\BOOKMARK [2][-]{subsection.2.5.3}{\376\377\000C\000o\000n\000t\000r\000a\000i\000n\000t\000e\000\040\000d\000e\000\040\000c\000o\000u\000r\000s\000e}{section.2.5}% 41
\BOOKMARK [2][-]{subsection.2.5.4}{\376\377\000C\000o\000n\000t\000r\000a\000i\000n\000t\000e\000\040\000d\000'\000e\000n\000c\000o\000m\000b\000r\000e\000m\000e\000n\000t}{section.2.5}% 42
\BOOKMARK [1][-]{section.2.6}{\376\377\000M\000o\000d\000\350\000l\000e\000\040\000n\000u\000m\000\351\000r\000i\000q\000u\000e\000\040\000d\000u\000\040\000s\000y\000s\000t\000\350\000m\000e\000\040\000g\000l\000o\000b\000a\000l}{chapter.2}% 43
\BOOKMARK [2][-]{subsection.2.6.1}{\376\377\000O\000b\000j\000e\000c\000t\000i\000f\000\040\000d\000u\000\040\000m\000o\000d\000\350\000l\000e}{section.2.6}% 44
\BOOKMARK [2][-]{subsection.2.6.2}{\376\377\000P\000r\000\351\000s\000e\000n\000t\000a\000t\000i\000o\000n\000\040\000d\000u\000\040\000m\000o\000d\000\350\000l\000e}{section.2.6}% 45
\BOOKMARK [2][-]{subsection.2.6.3}{\376\377\000S\000i\000m\000u\000l\000a\000t\000i\000o\000n\000s\000\040\000e\000t\000\040\000r\000\351\000s\000u\000l\000t\000a\000t\000s}{section.2.6}% 46
\BOOKMARK [0][-]{chapter.3}{\376\377\000C\000o\000n\000c\000e\000p\000t\000i\000o\000n\000\040\000e\000t\000\040\000f\000a\000b\000r\000i\000c\000a\000t\000i\000o\000n\000\040\000d\000u\000\040\000c\000o\000n\000v\000e\000r\000t\000i\000s\000s\000e\000u\000r\000\040\000\351\000l\000e\000c\000t\000r\000o\000m\000\351\000c\000a\000n\000i\000q\000u\000e\000\040\000:\000\040\000O\000B\000\040\000+\000\040\000G\000P\000A}{}% 47
\BOOKMARK [1][-]{section.3.1}{\376\377\000A\000r\000c\000h\000i\000t\000e\000c\000t\000u\000r\000e\000\040\000g\000\351\000n\000\351\000r\000a\000l\000e}{chapter.3}% 48
\BOOKMARK [2][-]{subsection.3.1.1}{\376\377\000S\000t\000r\000a\000t\000\351\000g\000i\000e\000\040\000d\000e\000\040\000c\000o\000n\000c\000e\000p\000t\000i\000o\000n\000\040\000d\000e\000\040\000l\000'\000O\000B}{section.3.1}% 49
\BOOKMARK [2][-]{subsection.3.1.2}{\376\377\000A\000r\000c\000h\000i\000t\000e\000c\000t\000u\000r\000e\000\040\000d\000e\000\040\000l\000'\000O\000B}{section.3.1}% 50
\BOOKMARK [2][-]{subsection.3.1.3}{\376\377\000S\000t\000r\000a\000t\000\351\000g\000i\000e\000\040\000d\000e\000\040\000c\000o\000n\000c\000e\000p\000t\000i\000o\000n\000\040\000d\000e\000s\000\040\000l\000a\000m\000e\000s}{section.3.1}% 51
\BOOKMARK [1][-]{section.3.2}{\376\377\000D\000i\000m\000e\000n\000s\000i\000o\000n\000n\000e\000m\000e\000n\000t\000\040\000d\000e\000s\000\040\000l\000a\000m\000e\000s\000\040\000f\000l\000a\000m\000b\000\351\000e\000s\000\040\000p\000a\000r\000\040\000a\000p\000p\000r\000o\000c\000h\000e\000\040\000E\000F}{chapter.3}% 52
\BOOKMARK [2][-]{subsection.3.2.1}{\376\377\000C\000a\000h\000i\000e\000r\000\040\000d\000e\000s\000\040\000c\000h\000a\000r\000g\000e\000s}{section.3.2}% 53
\BOOKMARK [2][-]{subsection.3.2.2}{\376\377\000R\000a\000i\000d\000e\000u\000r\000\040\000e\000n\000\040\000r\000o\000t\000a\000t\000i\000o\000n\000\040\000e\000t\000\040\000d\000o\000m\000a\000i\000n\000e\000\040\000\351\000l\000a\000s\000t\000i\000q\000u\000e}{section.3.2}% 54
\BOOKMARK [2][-]{subsection.3.2.3}{\376\377\000P\000r\000\351\000c\000o\000n\000t\000r\000a\000i\000n\000t\000e\000\040\000d\000e\000\040\000f\000l\000a\000m\000b\000e\000m\000e\000n\000t\000\040\000e\000t\000\040\000l\000i\000m\000i\000t\000e\000\040\000s\000t\000r\000u\000c\000t\000u\000r\000e\000l\000l\000e}{section.3.2}% 55
\BOOKMARK [1][-]{section.3.3}{\376\377\000D\000i\000m\000e\000n\000s\000i\000o\000n\000n\000e\000m\000e\000n\000t\000\040\000d\000e\000s\000\040\000l\000a\000m\000e\000s\000\040\000d\000e\000\040\000g\000u\000i\000d\000a\000g\000e}{chapter.3}% 56
\BOOKMARK [2][-]{subsection.3.3.1}{\376\377\000C\000a\000h\000i\000e\000r\000\040\000d\000e\000s\000\040\000c\000h\000a\000r\000g\000e\000s}{section.3.3}% 57
\BOOKMARK [2][-]{subsection.3.3.2}{\376\377\000A\000p\000p\000r\000o\000c\000h\000e\000\040\000a\000n\000a\000l\000y\000t\000i\000q\000u\000e}{section.3.3}% 58
\BOOKMARK [1][-]{section.3.4}{\376\377\000C\000a\000r\000a\000c\000t\000\351\000r\000i\000s\000a\000t\000i\000o\000n\000s\000\040\000e\000x\000p\000\351\000r\000i\000m\000e\000n\000t\000a\000l\000e\000s\000\040\000d\000u\000\040\000c\000o\000n\000v\000e\000r\000t\000i\000s\000s\000e\000u\000r\000\040\000\351\000l\000e\000c\000t\000r\000o\000m\000\351\000c\000a\000n\000i\000q\000u\000e}{chapter.3}% 59
\BOOKMARK [2][-]{subsection.3.4.1}{\376\377\000P\000r\000\351\000s\000e\000n\000t\000a\000t\000i\000o\000n\000\040\000d\000u\000\040\000b\000a\000n\000c\000\040\000d\000e\000\040\000c\000a\000r\000a\000c\000t\000\351\000r\000i\000s\000a\000t\000i\000o\000n}{section.3.4}% 60
\BOOKMARK [2][-]{subsection.3.4.2}{\376\377\000C\000o\000r\000r\000\351\000l\000a\000t\000i\000o\000n\000\040\000m\000o\000d\000\350\000l\000e\000\040\000-\000\040\000e\000s\000s\000a\000i\000s\000\040\000e\000t\000\040\000r\000e\000c\000a\000l\000a\000g\000e}{section.3.4}% 61
\BOOKMARK [2][-]{subsection.3.4.3}{\376\377\000C\000o\000n\000c\000l\000u\000s\000i\000o\000n}{section.3.4}% 62
\BOOKMARK [0][-]{chapter.4}{\376\377\000V\000a\000l\000v\000e\000s\000\040\000h\000y\000d\000r\000a\000u\000l\000i\000q\000u\000e\000s\000\040\000\340\000\040\000b\000a\000s\000e\000\040\000d\000e\000\040\000t\000u\000b\000e\000s\000\040\000f\000l\000e\000x\000i\000b\000l\000e\000s\000\040\000f\000l\000a\000m\000b\000\351\000s}{}% 63
\BOOKMARK [1][-]{section.4.1}{\376\377\000S\000t\000r\000a\000t\000\351\000g\000i\000e\000\040\000d\000'\000a\000p\000p\000r\000o\000c\000h\000e\000s}{chapter.4}% 64
\BOOKMARK [2][-]{subsection.4.1.1}{\376\377\000R\000a\000p\000p\000e\000l\000\040\000d\000u\000\040\000c\000a\000h\000i\000e\000r\000\040\000d\000e\000s\000\040\000c\000h\000a\000r\000g\000e\000s}{section.4.1}% 65
\BOOKMARK [2][-]{subsection.4.1.2}{\376\377\000S\000t\000r\000a\000t\000\351\000g\000i\000e\000s}{section.4.1}% 66
\BOOKMARK [1][-]{section.4.2}{\376\377\000C\000a\000r\000a\000c\000t\000\351\000r\000i\000s\000a\000t\000i\000o\000n\000\040\000e\000x\000p\000\351\000r\000i\000m\000e\000n\000t\000a\000l\000e\000\040\000d\000e\000\040\000l\000a\000\040\000r\000a\000i\000d\000e\000u\000r\000\040\000d\000'\000u\000n\000e\000\040\000V\000H}{chapter.4}% 67
\BOOKMARK [2][-]{subsection.4.2.1}{\376\377\000R\000a\000i\000d\000e\000u\000r\000\040\000d\000e\000\040\000V\000H\000\040\000a\000d\000m\000i\000s\000s\000i\000b\000l\000e\000\040\000p\000o\000u\000r\000\040\000l\000'\000O\000B}{section.4.2}% 68
\BOOKMARK [2][-]{subsection.4.2.2}{\376\377\000C\000h\000o\000i\000x\000\040\000d\000u\000\040\000m\000a\000t\000\351\000r\000i\000a\000u}{section.4.2}% 69
\BOOKMARK [2][-]{subsection.4.2.3}{\376\377\000P\000r\000\351\000s\000e\000n\000t\000a\000t\000i\000o\000n\000\040\000d\000u\000\040\000b\000a\000n\000c\000\040\000d\000e\000\040\000t\000e\000s\000t}{section.4.2}% 70
\BOOKMARK [2][-]{subsection.4.2.4}{\376\377\000R\000\351\000s\000u\000l\000t\000a\000t\000s\000\040\000e\000t\000\040\000d\000i\000s\000c\000u\000s\000s\000i\000o\000n}{section.4.2}% 71
\BOOKMARK [1][-]{section.4.3}{\376\377\000C\000a\000r\000a\000c\000t\000\351\000r\000i\000s\000a\000t\000i\000o\000n\000\040\000e\000x\000p\000\351\000r\000i\000m\000e\000n\000t\000a\000l\000e\000\040\000d\000u\000\040\000c\000o\000m\000p\000o\000r\000t\000e\000m\000e\000n\000t\000\040\000h\000y\000d\000r\000a\000u\000l\000i\000q\000u\000e\000\040\000d\000'\000u\000n\000e\000\040\000V\000H}{chapter.4}% 72
\BOOKMARK [2][-]{subsection.4.3.1}{\376\377\000P\000r\000\351\000s\000e\000n\000t\000a\000t\000i\000o\000n\000\040\000d\000u\000\040\000b\000a\000n\000c\000\040\000d\000e\000\040\000t\000e\000s\000t}{section.4.3}% 73
\BOOKMARK [2][-]{subsection.4.3.2}{\376\377\000R\000\351\000s\000u\000l\000t\000a\000t\000s\000\040\000e\000t\000\040\000d\000i\000s\000c\000u\000s\000s\000i\000o\000n}{section.4.3}% 74
\BOOKMARK [1][-]{section.4.4}{\376\377\000C\000a\000r\000a\000c\000t\000\351\000r\000i\000s\000a\000t\000i\000o\000n\000\040\000e\000x\000p\000\351\000r\000i\000m\000e\000n\000t\000a\000l\000e\000\040\000d\000u\000\040\000c\000o\000n\000t\000a\000c\000t\000\040\000M\000-\000V\000H}{chapter.4}% 75
\BOOKMARK [2][-]{subsection.4.4.1}{\376\377\000P\000r\000\351\000s\000e\000n\000t\000a\000t\000i\000o\000n\000\040\000d\000u\000\040\000b\000a\000n\000c\000\040\000d\000e\000\040\000t\000e\000s\000t}{section.4.4}% 76
\BOOKMARK [2][-]{subsection.4.4.2}{\376\377\000\311\000v\000o\000l\000u\000t\000i\000o\000n\000\040\000d\000e\000\040\000l\000a\000\040\000c\000i\000n\000\351\000m\000a\000t\000i\000q\000u\000e\000\040\000d\000'\000a\000c\000t\000i\000o\000n\000n\000e\000m\000e\000n\000t}{section.4.4}% 77
\BOOKMARK [2][-]{subsection.4.4.3}{\376\377\000I\000n\000f\000l\000u\000e\000n\000c\000e\000\040\000d\000e\000\040\000l\000a\000\040\000g\000a\000i\000n\000e\000\040\000r\000i\000g\000i\000d\000e\000\040\000s\000u\000r\000\040\000l\000'\000\351\000v\000o\000l\000u\000t\000i\000o\000n\000\040\000d\000e\000\040}{section.4.4}% 78
\BOOKMARK [1][-]{section.4.5}{\376\377\000C\000o\000n\000c\000l\000u\000s\000i\000o\000n\000s\000\040\000d\000e\000\040\000l\000'\000\351\000t\000u\000d\000e\000\040\000e\000x\000p\000\351\000r\000i\000m\000e\000n\000t\000a\000l\000e\000\040\000d\000e\000s\000\040\000V\000H}{chapter.4}% 79
\BOOKMARK [0][-]{chapter.5}{\376\377\000A\000p\000p\000r\000o\000c\000h\000e\000\040\000t\000h\000\351\000o\000r\000i\000q\000u\000e\000\040\000p\000o\000u\000r\000\040\000l\000a\000\040\000m\000o\000d\000\351\000l\000i\000s\000a\000t\000i\000o\000n\000\040\000d\000e\000s\000\040\000V\000H}{}% 80
\BOOKMARK [1][-]{section.5.1}{\376\377\000D\000i\000m\000e\000n\000s\000i\000o\000n\000n\000e\000m\000e\000n\000t}{chapter.5}% 81
\BOOKMARK [2][-]{subsection.5.1.1}{\376\377\000A\000p\000p\000r\000o\000x\000i\000m\000a\000t\000i\000o\000n\000\040\000d\000e\000\040\000l\000a\000\040\000g\000\351\000o\000m\000\351\000t\000r\000i\000e\000\040\000d\000u\000\040\000t\000u\000b\000e\000\040\000f\000l\000a\000m\000b\000\351}{section.5.1}% 82
\BOOKMARK [2][-]{subsection.5.1.2}{\376\377\000C\000r\000i\000t\000\350\000r\000e\000s\000\040\000d\000e\000\040\000c\000o\000n\000c\000e\000p\000t\000i\000o\000n}{section.5.1}% 83
\BOOKMARK [1][-]{section.5.2}{\376\377\000\311\000t\000u\000d\000e\000\040\000E\000F\000\040\000d\000e\000s\000\040\000t\000u\000b\000e\000s}{chapter.5}% 84
\BOOKMARK [2][-]{subsection.5.2.1}{\376\377\000P\000r\000\351\000s\000e\000n\000t\000a\000t\000i\000o\000n\000\040\000d\000u\000\040\000m\000o\000d\000\350\000l\000e}{section.5.2}% 85
\BOOKMARK [2][-]{subsection.5.2.2}{\376\377\000I\000n\000f\000l\000u\000e\000n\000c\000e\000\040\000d\000e\000s\000\040\000p\000a\000r\000a\000m\000\350\000t\000r\000e\000s\000\040\000g\000\351\000o\000m\000\351\000t\000r\000i\000q\000u\000e\000s\000\040\000d\000u\000\040\000t\000u\000b\000e}{section.5.2}% 86
\BOOKMARK [2][-]{subsection.5.2.3}{\376\377\000C\000o\000n\000c\000l\000u\000s\000i\000o\000n\000s\000\040\000d\000e\000\040\000l\000'\000\351\000t\000u\000d\000e\000\040\000E\000F}{section.5.2}% 87
\BOOKMARK [2][-]{subsection.5.2.4}{\376\377\000C\000h\000o\000i\000x\000\040\000d\000u\000\040\000t\000u\000b\000e\000\040\000d\000'\000a\000p\000r\000\350\000s\000\040\000l\000e\000\040\000m\000o\000d\000\350\000l\000e\000\040\000t\000h\000\351\000o\000r\000i\000q\000u\000e}{section.5.2}% 88
\BOOKMARK [1][-]{section.5.3}{\376\377\000C\000o\000r\000r\000\351\000l\000a\000t\000i\000o\000n\000s\000\040\000m\000o\000d\000\350\000l\000e\000\040\000-\000\040\000e\000s\000s\000a\000i\000s\000\040\000d\000u\000\040\000c\000o\000m\000p\000o\000r\000t\000e\000m\000e\000n\000t\000\040\000d\000e\000s\000\040\000V\000H}{chapter.5}% 89
\BOOKMARK [2][-]{subsection.5.3.1}{\376\377\000C\000o\000m\000p\000o\000r\000t\000e\000m\000e\000n\000t\000\040\000s\000t\000a\000t\000i\000q\000u\000e}{section.5.3}% 90
\BOOKMARK [2][-]{subsection.5.3.2}{\376\377\000C\000o\000m\000p\000o\000r\000t\000e\000m\000e\000n\000t\000\040\000h\000y\000d\000r\000a\000u\000l\000i\000q\000u\000e}{section.5.3}% 91
\BOOKMARK [1][-]{section.5.4}{\376\377\000C\000o\000n\000c\000l\000u\000s\000i\000o\000n\000\040\000d\000e\000\040\000l\000'\000a\000p\000p\000r\000o\000c\000h\000e\000\040\000t\000h\000\351\000o\000r\000i\000q\000u\000e}{chapter.5}% 92
\BOOKMARK [0][-]{chapter.6}{\376\377\000C\000o\000m\000p\000o\000r\000t\000e\000m\000e\000n\000t\000\040\000d\000u\000\040\000s\000y\000s\000t\000\350\000m\000e\000\040\000d\000e\000\040\000r\000\351\000c\000u\000p\000\351\000r\000a\000t\000i\000o\000n\000\040\000d\040\031\000\351\000n\000e\000r\000g\000i\000e\000\040\000i\000n\000t\000r\000a\000-\000a\000u\000r\000i\000c\000u\000l\000a\000i\000r\000e\000\040\000a\000v\000e\000c\000\040\000l\000e\000s\000\040\000c\000o\000m\000p\000o\000s\000a\000n\000t\000s\000\040\000c\000a\000r\000a\000c\000t\000\351\000r\000i\000s\000\351\000s\000\040\000e\000x\000p\000\351\000r\000i\000m\000e\000n\000t\000a\000l\000e\000m\000e\000n\000t}{}% 93
\BOOKMARK [1][-]{section.6.1}{\376\377\000I\000m\000p\000l\000\351\000m\000e\000n\000t\000a\000t\000i\000o\000n\000\040\000d\000e\000s\000\040\000c\000o\000m\000p\000o\000r\000t\000e\000m\000e\000n\000t\000s\000\040\000s\000t\000a\000t\000i\000q\000u\000e\000s\000\040\000e\000t\000\040\000h\000y\000d\000r\000a\000u\000l\000i\000q\000u\000e\000s\000\040\000d\000u\000\040\000t\000u\000b\000e\000\040\000T\0001\0000\0000\000p\000\040\000a\000u\000\040\000m\000o\000d\000\350\000l\000e\000\040\000s\000y\000s\000t\000\350\000m\000e}{chapter.6}% 94
\BOOKMARK [2][-]{subsection.6.1.1}{\376\377\000I\000n\000f\000l\000u\000e\000n\000c\000e\000\040\000d\000e\000\040\000l\000a\000\040\000r\000i\000g\000i\000d\000i\000t\000\351\000\040\000d\000u\000\040\000t\000u\000b\000e\000\040\000s\000u\000r\000\040\000l\000e\000\040\000m\000o\000d\000\350\000l\000e\000\040\000s\000y\000s\000t\000\350\000m\000e}{section.6.1}% 95
\BOOKMARK [2][-]{subsection.6.1.2}{\376\377\000R\000e\000d\000i\000m\000e\000n\000s\000i\000o\000n\000n\000e\000m\000e\000n\000t\000\040\000d\000u\000\040\000s\000y\000s\000t\000\350\000m\000e\000\040\000s\000u\000r\000\040\000c\000r\000i\000t\000\350\000r\000e\000\040\000\351\000n\000e\000r\000g\000\351\000t\000i\000q\000u\000e}{section.6.1}% 96
\BOOKMARK [1][-]{section.6.2}{\376\377\000I\000m\000p\000l\000\351\000m\000e\000n\000t\000a\000t\000i\000o\000n\000\040\000d\000u\000\040\000f\000r\000o\000t\000t\000e\000m\000e\000n\000t\000\040\000a\000u\000\040\000c\000o\000n\000t\000a\000c\000t\000\040\000M\000-\000V\000H\000\040\000a\000u\000\040\000m\000o\000d\000\350\000l\000e\000\040\000s\000y\000s\000t\000\350\000m\000e}{chapter.6}% 97
\BOOKMARK [2][-]{subsection.6.2.1}{\376\377\000E\000s\000s\000a\000i\000s\000\040\000d\000e\000\040\000l\000\342\000c\000h\000e\000r\000s\000\040\000e\000x\000p\000e\000r\000i\000m\000e\000n\000t\000a\000u\000x\000\040\000d\000e\000\040\000M\000\040\000a\000v\000e\000c\000\040\000e\000t\000\040\000s\000a\000n\000s\000\040\000V\000H}{section.6.2}% 98
\BOOKMARK [2][-]{subsection.6.2.2}{\376\377\000A\000n\000a\000l\000y\000s\000e\000\040\000e\000t\000\040\000d\000i\000s\000c\000u\000s\000s\000i\000o\000n}{section.6.2}% 99
\BOOKMARK [1][-]{section.6.3}{\376\377\000I\000n\000f\000l\000u\000e\000n\000c\000e\000\040\000d\000e\000s\000\040\000d\000i\000f\000f\000\351\000r\000e\000n\000t\000s\000\040\000p\000a\000r\000a\000m\000\350\000t\000r\000e\000s\000\040\000s\000u\000r\000\040\000l\000e\000\040\000f\000o\000n\000c\000t\000i\000o\000n\000n\000e\000m\000e\000n\000t\000\040\000e\000t\000\040\000l\000'\000e\000f\000f\000i\000c\000a\000c\000i\000t\000\351\000\040\000d\000u\000\040\000s\000y\000s\000t\000\350\000m\000e\000\040\000g\000l\000o\000b\000a\000l}{chapter.6}% 100
\BOOKMARK [1][-]{section.6.4}{\376\377\000A\000n\000a\000l\000y\000s\000e\000\040\000c\000r\000i\000t\000i\000q\000u\000e\000\040\000d\000u\000\040\000s\000y\000s\000t\000\350\000m\000e}{chapter.6}% 101
\BOOKMARK [2][-]{subsection.6.4.1}{\376\377\000P\000i\000s\000t\000e\000s\000\040\000d\000'\000a\000m\000\351\000l\000i\000o\000r\000a\000t\000i\000o\000n\000s\000\040\000d\000u\000\040\000c\000o\000n\000t\000a\000c\000t\000\040\000M\000-\000V\000H}{section.6.4}% 102
\BOOKMARK [2][-]{subsection.6.4.2}{\376\377\000P\000i\000s\000t\000e\000s\000\040\000d\000'\000a\000m\000\351\000l\000i\000o\000r\000a\000t\000i\000o\000n\000s\000\040\000d\000u\000\040\000m\000o\000d\000\350\000l\000e\000\040\000g\000l\000o\000b\000a\000l}{section.6.4}% 103
\BOOKMARK [0][-]{section*.147}{\376\377\000C\000o\000n\000c\000l\000u\000s\000i\000o\000n\000\040\000g\000\351\000n\000\351\000r\000a\000l\000e}{}% 104
\BOOKMARK [0][-]{section*.151}{\376\377\000B\000i\000b\000l\000i\000o\000g\000r\000a\000p\000h\000i\000e}{}% 105
\BOOKMARK [0][-]{section*.153}{\376\377\000T\000a\000b\000l\000e\000\040\000d\000e\000s\000\040\000f\000i\000g\000u\000r\000e\000s}{}% 106
\BOOKMARK [0][-]{section*.155}{\376\377\000L\000i\000s\000t\000e\000\040\000d\000e\000s\000\040\000t\000a\000b\000l\000e\000a\000u\000x}{}% 107
\BOOKMARK [0][-]{appendix.A}{\376\377\000M\000i\000s\000e\000\040\000e\000n\000\040\000p\000l\000a\000n\000\040\000d\000e\000\040\000l\000'\000o\000s\000c\000i\000l\000l\000a\000t\000e\000u\000r\000\040\000b\000i\000s\000t\000a\000b\000l\000e\000\040\000m\000o\000n\000o\000b\000l\000o\000c}{}% 108
\BOOKMARK [0][-]{appendix.B}{\376\377\000F\000i\000c\000h\000e\000\040\000t\000e\000c\000h\000n\000i\000q\000u\000e\000\040\000d\000e\000\040\000d\000i\000s\000t\000r\000i\000b\000u\000t\000e\000u\000r\000\040\000\340\000\040\000t\000i\000r\000o\000i\000r\000\040\0004\000/\0002\000\040\000e\000t\000\040\0004\000/\0003\000\040\000\340\000\040\000c\000o\000m\000m\000a\000n\000d\000e\000\040\000\351\000l\000e\000c\000t\000r\000i\000q\000u\000e\000,\000\040\000p\000i\000l\000o\000t\000a\000g\000e\000\040\000d\000i\000r\000e\000c\000t\000\040\000\340\000\040\000c\000o\000m\000m\000u\000t\000a\000t\000i\000o\000n\000\040\000s\000o\000u\000p\000l\000e\000\040\0004\000W\000E\000W\000\040\0006}{}% 109
\BOOKMARK [0][-]{appendix.C}{\376\377\000F\000i\000c\000h\000e\000\040\000t\000e\000c\000h\000n\000i\000q\000u\000e\000\040\000d\000e\000s\000\040\000v\000\351\000r\000i\000n\000s\000\040\000S\000M\000S\000\040\000-\000\040\000s\000\351\000r\000i\000e\000\040\000M\000Q\000P}{}% 110
\BOOKMARK [0][-]{appendix.D}{\376\377\000D\000o\000c\000u\000m\000e\000n\000t\000a\000t\000i\000o\000n\000\040\000t\000e\000c\000h\000n\000i\000q\000u\000e\000\040\000s\000u\000r\000\040\000l\000'\000A\000P\000A\0005\0000\000X\000S\000\040\000C\000e\000d\000r\000a\000t\000\040\000T\000e\000c\000h\000n\000o\000l\000o\000g\000i\000e\000s}{}% 111
\BOOKMARK [0][-]{appendix.E}{\376\377\000C\000i\000n\000\351\000m\000a\000t\000i\000q\000u\000e\000\040\000d\000e\000\040\000p\000l\000i\000a\000g\000e\000\040\000d\000e\000s\000\040\000V\000H\000\040\000a\000v\000e\000c\000\040\000l\000e\000s\000\040\000g\000a\000i\000n\000e\000s\000\040\000r\000i\000g\000i\000d\000e\000s}{}% 112
\BOOKMARK [1][-]{section.E.1}{\376\377\000C\000o\000n\000t\000a\000c\000t\000\040\000l\000a\000t\000\351\000r\000a\000l}{appendix.E}% 113
\BOOKMARK [1][-]{section.E.2}{\376\377\000C\000o\000n\000t\000a\000c\000t\000\040\000s\000u\000p\000\351\000r\000i\000e\000u\000r}{appendix.E}% 114
\BOOKMARK [0][-]{appendix.F}{\376\377\000D\000i\000m\000e\000n\000s\000i\000o\000n\000n\000e\000m\000e\000n\000t\000\040\000a\000n\000a\000l\000y\000t\000i\000q\000u\000e\000\040\000d\000e\000s\000\040\000l\000a\000m\000e\000s\000\040\000d\000e\000\040\000l\000'\000O\000B}{}% 115
\BOOKMARK [1][-]{section.F.1}{\376\377\000D\000i\000m\000e\000n\000s\000i\000o\000n\000n\000e\000m\000e\000n\000t\000\040\000d\000e\000s\000\040\000l\000a\000m\000e\000s\000\040\000f\000l\000a\000m\000b\000\351\000e\000s}{appendix.F}% 116
\BOOKMARK [2][-]{subsection.F.1.1}{\376\377\000M\000o\000d\000\350\000l\000e\000\040\000a\000n\000a\000l\000y\000t\000i\000q\000u\000e\000\040\000s\000t\000a\000t\000i\000q\000u\000e\000\040\000a\000p\000p\000r\000o\000c\000h\000\351}{section.F.1}% 117
\BOOKMARK [2][-]{subsection.F.1.2}{\376\377\000V\000a\000l\000i\000d\000a\000t\000i\000o\000n\000\040\000d\000u\000\040\000m\000o\000d\000\350\000l\000e\000\040\000a\000n\000a\000l\000y\000t\000i\000q\000u\000e\000\040\000p\000a\000r\000\040\000l\000'\000a\000p\000p\000r\000o\000c\000h\000e\000\040\000n\000u\000m\000\351\000r\000i\000q\000u\000e}{section.F.1}% 118
